<?xml version="1.0" encoding="UTF-8"?>
<!-- Generated by org.testng.reporters.JUnitXMLReporter -->
<testsuite ignored="0" hostname="SE_MEL_DEV06" failures="0" tests="4" name="Default test" time="0.048" errors="0" timestamp="2021-09-18T21:20:02 AEST">
  <testcase classname="com.vishalMaven.mavenSetupForVishal.TestNG_Grouping" name="AudiA6" time="0.003"/>
  <testcase classname="com.vishalMaven.mavenSetupForVishal.TestNG_Grouping" name="BMW3Series" time="0.001"/>
  <testcase classname="com.vishalMaven.mavenSetupForVishal.TestNG_Grouping" name="BMWX3" time="0.001"/>
  <testcase classname="com.vishalMaven.mavenSetupForVishal.TestNG_Grouping" name="HondaAccord" time="0.0"/>
</testsuite> <!-- Default test -->
