<?xml version="1.0" encoding="UTF-8"?>
<!-- Generated by org.testng.reporters.JUnitXMLReporter -->
<testsuite ignored="0" hostname="SE_MEL_DEV06" failures="0" tests="5" name="Command line test" time="9.987" errors="0" timestamp="2021-09-18T17:02:09 AEST">
  <testcase classname="com.vishalMaven.mavenSetupForVishal.TestNG_Grouping" name="AudiA6" time="0.001"/>
  <testcase classname="com.vishalMaven.mavenSetupForVishal.TestNG_Grouping" name="BMW3Series" time="0.0"/>
  <testcase classname="com.vishalMaven.mavenSetupForVishal.TestNG_Grouping" name="BMWX3" time="0.0"/>
  <testcase classname="com.vishalMaven.mavenSetupForVishal.TestNG_Grouping" name="HondaAccord" time="0.0"/>
  <testcase classname="com.vishalMaven.mavenSetupForVishal.TestNG_TestSuite" name="fillBasicInfo" time="0.378"/>
</testsuite> <!-- Command line test -->
