<?xml version="1.0" encoding="UTF-8"?>
<testng-results ignored="0" total="1" passed="1" failed="0" skipped="0">
  <reporter-output>
  </reporter-output>
  <suite started-at="2021-09-18T17:11:48 AEST" name="Regression TestSuite" finished-at="2021-09-18T17:11:59 AEST" duration-ms="11067">
    <groups>
    </groups>
    <test started-at="2021-09-18T17:11:48 AEST" name="FireFox Test" finished-at="2021-09-18T17:11:59 AEST" duration-ms="11067">
      <class name="com.vishalMaven.mavenSetupForVishal.TestNG_TestSuite">
        <test-method is-config="true" signature="beforeClass()[pri:0, instance:com.vishalMaven.mavenSetupForVishal.TestNG_TestSuite@20f5239f]" started-at="2021-09-18T17:11:48 AEST" name="beforeClass" finished-at="2021-09-18T17:11:57 AEST" duration-ms="9182" status="PASS">
          <reporter-output>
          </reporter-output>
        </test-method> <!-- beforeClass -->
        <test-method signature="fillBasicInfo()[pri:0, instance:com.vishalMaven.mavenSetupForVishal.TestNG_TestSuite@20f5239f]" started-at="2021-09-18T17:11:57 AEST" name="fillBasicInfo" finished-at="2021-09-18T17:11:57 AEST" duration-ms="217" status="PASS">
          <reporter-output>
          </reporter-output>
        </test-method> <!-- fillBasicInfo -->
        <test-method is-config="true" signature="afterClass()[pri:0, instance:com.vishalMaven.mavenSetupForVishal.TestNG_TestSuite@20f5239f]" started-at="2021-09-18T17:11:57 AEST" name="afterClass" finished-at="2021-09-18T17:11:59 AEST" duration-ms="1626" status="PASS">
          <reporter-output>
          </reporter-output>
        </test-method> <!-- afterClass -->
      </class> <!-- com.vishalMaven.mavenSetupForVishal.TestNG_TestSuite -->
    </test> <!-- FireFox Test -->
  </suite> <!-- Regression TestSuite -->
</testng-results>
